<?xml version="1.0" encoding="UTF-8"?>
<!-- Generated by org.testng.reporters.JUnitReportReporter -->
<testsuite hostname="sowjanya" failures="0" tests="4" name="Cross_Browesing.NewTest_Cross_Browese" time="16.200" errors="0" timestamp="2022-11-04T13:29:32 IST" skipped="0">
  <testcase classname="Cross_Browesing.NewTest_Cross_Browese" name="setUp" time="3.413"/>
  <system-out/>
  <testcase classname="Cross_Browesing.NewTest_Cross_Browese" name="setUp" time="2.284"/>
  <system-out/>
  <testcase classname="Cross_Browesing.NewTest_Cross_Browese" name="openUrl" time="5.116"/>
  <system-out/>
  <testcase classname="Cross_Browesing.NewTest_Cross_Browese" name="openUrl" time="5.387"/>
  <system-out/>
</testsuite> <!-- Cross_Browesing.NewTest_Cross_Browese -->
