<?xml version="1.0" encoding="UTF-8"?>
<!-- Generated by org.testng.reporters.JUnitReportReporter -->
<testsuite hostname="sowjanya" failures="0" tests="3" name="Demo123.Maven_project" time="18.696" errors="0" timestamp="2022-10-31T19:08:23 IST" skipped="0">
  <testcase classname="Demo123.Maven_project" name="test1" time="4.250"/>
  <system-out/>
  <testcase classname="Demo123.Maven_project" name="test2" time="1.118"/>
  <system-out/>
  <testcase classname="Demo123.Maven_project" name="test3" time="13.328"/>
  <system-out/>
</testsuite> <!-- Demo123.Maven_project -->
