<?xml version="1.0" encoding="UTF-8"?>
<!-- Generated by org.testng.reporters.JUnitReportReporter -->
<testsuite hostname="sowjanya" failures="0" tests="3" name="OrangeHRM.TestNgDemo" time="1.340" errors="0" timestamp="2022-11-16T22:38:54 IST" skipped="2">
  <testcase classname="OrangeHRM.TestNgDemo" name="login" time="1.340"/>
  <system-out/>
  <testcase classname="OrangeHRM.TestNgDemo" name="loginStatus">
    <skipped/>
  </testcase> <!-- loginStatus -->
  <system-out/>
  <testcase classname="OrangeHRM.TestNgDemo" name="logout">
    <skipped/>
  </testcase> <!-- logout -->
  <system-out/>
</testsuite> <!-- OrangeHRM.TestNgDemo -->
