<?xml version="1.0" encoding="UTF-8"?>
<!-- Generated by org.testng.reporters.JUnitReportReporter -->
<testsuite hostname="sowjanya" failures="0" tests="4" name="Demo_project.Test_NG" time="20.992" errors="0" timestamp="2022-11-15T20:01:35 IST" skipped="0">
  <testcase classname="Demo_project.Test_NG" name="test" time="5.584"/>
  <system-out/>
  <testcase classname="Demo_project.Test_NG" name="test2" time="1.163"/>
  <system-out/>
  <testcase classname="Demo_project.Test_NG" name="test3" time="14.242"/>
  <system-out/>
  <testcase classname="Demo_project.Test_NG" name="tearDown" time="0.003"/>
  <system-out/>
</testsuite> <!-- Demo_project.Test_NG -->
